Using pre-set license
Built from '2022.3/staging' branch; Version is '2022.3.32f1 (c8300dc0a3fa) revision 13119501'; Using compiler version '192829333'; Build Type 'Release'
OS: 'Windows 11  (10.0.26200) 64bit Core' Language: 'en' Physical Memory: 16055 MB
BatchMode: 1, IsHumanControllingUs: 0, StartBugReporterOnCrash: 0, Is64bit: 1, IsPro: 1

COMMAND LINE ARGUMENTS:
C:\Program Files\Unity\Hub\Editor\2022.3.32f1\Editor\Unity.exe
-adb2
-batchMode
-noUpm
-name
AssetImportWorker0
-projectPath
C:/Users/Erik/Campfire
-logFile
Logs/AssetImportWorker0.log
-srvPort
52073
Successfully changed project path to: C:/Users/Erik/Campfire
C:/Users/Erik/Campfire
[UnityMemory] Configuration Parameters - Can be set up in boot.config
    "memorysetup-bucket-allocator-granularity=16"
    "memorysetup-bucket-allocator-bucket-count=8"
    "memorysetup-bucket-allocator-block-size=33554432"
    "memorysetup-bucket-allocator-block-count=8"
    "memorysetup-main-allocator-block-size=16777216"
    "memorysetup-thread-allocator-block-size=16777216"
    "memorysetup-gfx-main-allocator-block-size=16777216"
    "memorysetup-gfx-thread-allocator-block-size=16777216"
    "memorysetup-cache-allocator-block-size=4194304"
    "memorysetup-typetree-allocator-block-size=2097152"
    "memorysetup-profiler-bucket-allocator-granularity=16"
    "memorysetup-profiler-bucket-allocator-bucket-count=8"
    "memorysetup-profiler-bucket-allocator-block-size=33554432"
    "memorysetup-profiler-bucket-allocator-block-count=8"
    "memorysetup-profiler-allocator-block-size=16777216"
    "memorysetup-profiler-editor-allocator-block-size=1048576"
    "memorysetup-temp-allocator-size-main=16777216"
    "memorysetup-job-temp-allocator-block-size=2097152"
    "memorysetup-job-temp-allocator-block-size-background=1048576"
    "memorysetup-job-temp-allocator-reduction-small-platforms=262144"
    "memorysetup-allocator-temp-initial-block-size-main=262144"
    "memorysetup-allocator-temp-initial-block-size-worker=262144"
    "memorysetup-temp-allocator-size-background-worker=32768"
    "memorysetup-temp-allocator-size-job-worker=262144"
    "memorysetup-temp-allocator-size-preload-manager=33554432"
    "memorysetup-temp-allocator-size-nav-mesh-worker=65536"
    "memorysetup-temp-allocator-size-audio-worker=65536"
    "memorysetup-temp-allocator-size-cloud-worker=32768"
    "memorysetup-temp-allocator-size-gi-baking-worker=262144"
    "memorysetup-temp-allocator-size-gfx=262144"
Player connection [8752] Host "[IP] 192.168.1.10 [Port] 0 [Flags] 2 [Guid] 2656029120 [EditorId] 2656029120 [Version] 1048832 [Id] WindowsEditor(7,LAPTOP-5UAO6LID) [Debug] 1 [PackageName] WindowsEditor [ProjectName] Editor" joined multi-casting on [225.0.0.222:54997]...

Player connection [8752] Host "[IP] 192.168.1.10 [Port] 0 [Flags] 2 [Guid] 2656029120 [EditorId] 2656029120 [Version] 1048832 [Id] WindowsEditor(7,LAPTOP-5UAO6LID) [Debug] 1 [PackageName] WindowsEditor [ProjectName] Editor" joined alternative multi-casting on [225.0.0.222:34997]...

[PhysX] Initialized MultithreadedTaskDispatcher with 12 workers.
Refreshing native plugins compatible for Editor in 211.66 ms, found 3 plugins.
Preloading 0 native plugins for Editor in 0.00 ms.
Initialize engine version: 2022.3.32f1 (c8300dc0a3fa)
[Subsystems] Discovering subsystems at path C:/Program Files/Unity/Hub/Editor/2022.3.32f1/Editor/Data/Resources/UnitySubsystems
[Subsystems] Discovering subsystems at path C:/Users/Erik/Campfire/Assets
GfxDevice: creating device client; threaded=0; jobified=0
Direct3D:
    Version:  Direct3D 11.0 [level 11.1]
    Renderer: Intel(R) Iris(R) Xe Graphics (ID=0x46a8)
    Vendor:   Intel
    VRAM:     8027 MB
    Driver:   32.0.101.5542
Initialize mono
Mono path[0] = 'C:/Program Files/Unity/Hub/Editor/2022.3.32f1/Editor/Data/Managed'
Mono path[1] = 'C:/Program Files/Unity/Hub/Editor/2022.3.32f1/Editor/Data/MonoBleedingEdge/lib/mono/unityjit-win32'
Mono config path = 'C:/Program Files/Unity/Hub/Editor/2022.3.32f1/Editor/Data/MonoBleedingEdge/etc'
Using monoOptions --debugger-agent=transport=dt_socket,embedding=1,server=y,suspend=n,address=127.0.0.1:56776
Begin MonoManager ReloadAssembly
Registering precompiled unity dll's ...
Register platform support module: C:/Program Files/Unity/Hub/Editor/2022.3.32f1/Editor/Data/PlaybackEngines/WindowsStandaloneSupport/UnityEditor.WindowsStandalone.Extensions.dll
Registered in 0.014960 seconds.
- Loaded All Assemblies, in  1.598 seconds
Native extension for WindowsStandalone target not found
Mono: successfully reloaded assembly
- Finished resetting the current domain, in  0.588 seconds
Domain Reload Profiling: 2183ms
	BeginReloadAssembly (245ms)
		ExecutionOrderSort (0ms)
		DisableScriptedObjects (0ms)
		BackupInstance (0ms)
		ReleaseScriptingObjects (0ms)
		CreateAndSetChildDomain (2ms)
	RebuildCommonClasses (85ms)
	RebuildNativeTypeToScriptingClass (29ms)
	initialDomainReloadingComplete (159ms)
	LoadAllAssembliesAndSetupDomain (1076ms)
		LoadAssemblies (241ms)
		RebuildTransferFunctionScriptingTraits (0ms)
		AnalyzeDomain (1071ms)
			TypeCache.Refresh (1069ms)
				TypeCache.ScanAssembly (1035ms)
			ScanForSourceGeneratedMonoScriptInfo (1ms)
			ResolveRequiredComponents (1ms)
	FinalizeReload (589ms)
		ReleaseScriptCaches (0ms)
		RebuildScriptCaches (0ms)
		SetupLoadedEditorAssemblies (429ms)
			LogAssemblyErrors (0ms)
			InitializePlatformSupportModulesInManaged (25ms)
			SetLoadedEditorAssemblies (21ms)
			RefreshPlugins (0ms)
			BeforeProcessingInitializeOnLoad (5ms)
			ProcessInitializeOnLoadAttributes (303ms)
			ProcessInitializeOnLoadMethodAttributes (75ms)
			AfterProcessingInitializeOnLoad (0ms)
			EditorAssembliesLoaded (0ms)
		ExecutionOrderSort2 (0ms)
		AwakeInstancesAfterBackupRestoration (0ms)
========================================================================
Worker process is ready to serve import requests
Begin MonoManager ReloadAssembly
- Loaded All Assemblies, in  5.262 seconds
Refreshing native plugins compatible for Editor in 6.92 ms, found 3 plugins.
Native extension for WindowsStandalone target not found
Mono: successfully reloaded assembly
- Finished resetting the current domain, in  1.510 seconds
Domain Reload Profiling: 6766ms
	BeginReloadAssembly (366ms)
		ExecutionOrderSort (0ms)
		DisableScriptedObjects (14ms)
		BackupInstance (0ms)
		ReleaseScriptingObjects (0ms)
		CreateAndSetChildDomain (44ms)
	RebuildCommonClasses (85ms)
	RebuildNativeTypeToScriptingClass (22ms)
	initialDomainReloadingComplete (109ms)
	LoadAllAssembliesAndSetupDomain (4673ms)
		LoadAssemblies (4410ms)
		RebuildTransferFunctionScriptingTraits (0ms)
		AnalyzeDomain (476ms)
			TypeCache.Refresh (416ms)
				TypeCache.ScanAssembly (385ms)
			ScanForSourceGeneratedMonoScriptInfo (38ms)
			ResolveRequiredComponents (19ms)
	FinalizeReload (1511ms)
		ReleaseScriptCaches (0ms)
		RebuildScriptCaches (0ms)
		SetupLoadedEditorAssemblies (1038ms)
			LogAssemblyErrors (0ms)
			InitializePlatformSupportModulesInManaged (15ms)
			SetLoadedEditorAssemblies (12ms)
			RefreshPlugins (0ms)
			BeforeProcessingInitializeOnLoad (141ms)
			ProcessInitializeOnLoadAttributes (801ms)
			ProcessInitializeOnLoadMethodAttributes (57ms)
			AfterProcessingInitializeOnLoad (11ms)
			EditorAssembliesLoaded (0ms)
		ExecutionOrderSort2 (0ms)
		AwakeInstancesAfterBackupRestoration (25ms)
Launched and connected shader compiler UnityShaderCompiler.exe after 0.11 seconds
Refreshing native plugins compatible for Editor in 6.09 ms, found 3 plugins.
Preloading 0 native plugins for Editor in 0.00 ms.
Unloading 3868 Unused Serialized files (Serialized files now loaded: 0)
Unloading 38 unused Assets / (130.5 KB). Loaded Objects now: 4348.
Memory consumption went from 159.1 MB to 159.0 MB.
Total: 7.656700 ms (FindLiveObjects: 0.629700 ms CreateObjectMapping: 0.319700 ms MarkObjects: 6.439800 ms  DeleteObjects: 0.264500 ms)

AssetImportParameters requested are different than current active one (requested -> active):
  custom:container-demuxer-ogg: 62fdf1f143b41e24485cea50d1cbac27 -> 
  custom:video-decoder-ogg-theora: a1e56fd34408186e4bbccfd4996cb3dc -> 
  custom:framework-win-MediaFoundation: 216162199b28c13a410421893ffa2e32 -> 
  custom:CustomObjectIndexerAttribute: 9a22284fe3817be447336de3de66b15e -> 
  custom:container-demuxer-webm: 4f35f7cbe854078d1ac9338744f61a02 -> 
  custom:container-muxer-webm: aa71ff27fc2769a1b78a27578f13a17b -> 
  custom:video-decoder-webm-vp8: 9c59270c3fd7afecdb556c50c9e8de78 -> 
  custom:SearchIndexIgnoredProperties: e643bd26f0fe6173181afceb89e7c659 -> 
  custom:AudioImporter_EditorPlatform: d09bf68614088b80899f8185d706f6e7 -> 
  custom:video-encoder-webm-vp8: eb34c28f22e8b96e1ab97ce403110664 -> 
  custom:audio-decoder-ogg-vorbis: bf7c407c2cedff20999df2af8eb42d56 -> 
  custom:audio-encoder-webm-vorbis: bf7c407c2cedff20999df2af8eb42d56 -> 
========================================================================
Received Import Request.
  Time since last request: 408.111893 seconds.
  path: Assets/PolygonKnights/Prefabs/Props/SM_Prop_Fence_01.prefab
  artifactKey: Guid(f5e310684d533124e895f9100f7931f4) Importer(815301076,1909f56bfc062723c751e8b465ee728b)
Start importing Assets/PolygonKnights/Prefabs/Props/SM_Prop_Fence_01.prefab using Guid(f5e310684d533124e895f9100f7931f4) Importer(815301076,1909f56bfc062723c751e8b465ee728b) [PhysX] Initialized MultithreadedTaskDispatcher with 12 workers.
[PhysX] Initialized MultithreadedTaskDispatcher with 12 workers.
 -> (artifact id: 'd0f31843d9e085d314b91198ccc06733') in 0.287597 seconds
Number of updated asset objects reloaded before import = 0
Number of asset objects unloaded after import = 10
========================================================================
Received Import Request.
  Time since last request: 0.000059 seconds.
  path: Assets/PolygonKnights/Prefabs/Props/SM_Prop_Lampost_01.prefab
  artifactKey: Guid(5e1d462ffd80d7444837984e9e18388b) Importer(815301076,1909f56bfc062723c751e8b465ee728b)
Start importing Assets/PolygonKnights/Prefabs/Props/SM_Prop_Lampost_01.prefab using Guid(5e1d462ffd80d7444837984e9e18388b) Importer(815301076,1909f56bfc062723c751e8b465ee728b) [PhysX] Initialized MultithreadedTaskDispatcher with 12 workers.
[PhysX] Initialized MultithreadedTaskDispatcher with 12 workers.
 -> (artifact id: 'c35bcc4be190bcbee0c053c526620705') in 0.063934 seconds
Number of updated asset objects reloaded before import = 0
Number of asset objects unloaded after import = 11
========================================================================
Received Import Request.
  Time since last request: 0.000055 seconds.
  path: Assets/PolygonKnights/Prefabs/Props/SM_Prop_Banner_01.prefab
  artifactKey: Guid(8f2cbf2ae2d496b44ba72882a3c6d4c9) Importer(815301076,1909f56bfc062723c751e8b465ee728b)
Start importing Assets/PolygonKnights/Prefabs/Props/SM_Prop_Banner_01.prefab using Guid(8f2cbf2ae2d496b44ba72882a3c6d4c9) Importer(815301076,1909f56bfc062723c751e8b465ee728b) [PhysX] Initialized MultithreadedTaskDispatcher with 12 workers.
[PhysX] Initialized MultithreadedTaskDispatcher with 12 workers.
 -> (artifact id: 'a2054a4ed47f99dfa90076a4e8e065ee') in 0.071384 seconds
Number of updated asset objects reloaded before import = 0
Number of asset objects unloaded after import = 9
========================================================================
Received Import Request.
  Time since last request: 0.000071 seconds.
  path: Assets/PolygonKnights/Prefabs/Props/SM_Prop_Plinth_02.prefab
  artifactKey: Guid(97f6cb46feaeb024d897f93adc19edc4) Importer(815301076,1909f56bfc062723c751e8b465ee728b)
Start importing Assets/PolygonKnights/Prefabs/Props/SM_Prop_Plinth_02.prefab using Guid(97f6cb46feaeb024d897f93adc19edc4) Importer(815301076,1909f56bfc062723c751e8b465ee728b) [PhysX] Initialized MultithreadedTaskDispatcher with 12 workers.
[PhysX] Initialized MultithreadedTaskDispatcher with 12 workers.
 -> (artifact id: 'a731fe2fc72f776a8f521b27d0c97938') in 0.065473 seconds
Number of updated asset objects reloaded before import = 0
Number of asset objects unloaded after import = 10
========================================================================
Received Import Request.
  Time since last request: 0.000086 seconds.
  path: Assets/PolygonKnights/Prefabs/Props/SM_Prop_WaterWheel_01.prefab
  artifactKey: Guid(190d4c69c7643e94c8c3a81ad97ce81e) Importer(815301076,1909f56bfc062723c751e8b465ee728b)
Start importing Assets/PolygonKnights/Prefabs/Props/SM_Prop_WaterWheel_01.prefab using Guid(190d4c69c7643e94c8c3a81ad97ce81e) Importer(815301076,1909f56bfc062723c751e8b465ee728b) [PhysX] Initialized MultithreadedTaskDispatcher with 12 workers.
[PhysX] Initialized MultithreadedTaskDispatcher with 12 workers.
 -> (artifact id: 'e51e2d8f565e7aae645df1c11bd9516c') in 0.063204 seconds
Number of updated asset objects reloaded before import = 0
Number of asset objects unloaded after import = 10
========================================================================
Received Import Request.
  Time since last request: 0.000061 seconds.
  path: Assets/PolygonKnights/Prefabs/Props/SM_Prop_Brazier_01.prefab
  artifactKey: Guid(20a79b55466cdb84da379ae63fc30867) Importer(815301076,1909f56bfc062723c751e8b465ee728b)
Start importing Assets/PolygonKnights/Prefabs/Props/SM_Prop_Brazier_01.prefab using Guid(20a79b55466cdb84da379ae63fc30867) Importer(815301076,1909f56bfc062723c751e8b465ee728b) [PhysX] Initialized MultithreadedTaskDispatcher with 12 workers.
[PhysX] Initialized MultithreadedTaskDispatcher with 12 workers.
 -> (artifact id: '4c69d8b23a12f5f7f911846b46a8b265') in 0.059558 seconds
Number of updated asset objects reloaded before import = 0
Number of asset objects unloaded after import = 10
========================================================================
Received Import Request.
  Time since last request: 0.000117 seconds.
  path: Assets/PolygonKnights/Prefabs/Props/SM_Prop_Guillotine_01.prefab
  artifactKey: Guid(df9f1d2dab4510b4d8d47ec43af7f7ed) Importer(815301076,1909f56bfc062723c751e8b465ee728b)
Start importing Assets/PolygonKnights/Prefabs/Props/SM_Prop_Guillotine_01.prefab using Guid(df9f1d2dab4510b4d8d47ec43af7f7ed) Importer(815301076,1909f56bfc062723c751e8b465ee728b) [PhysX] Initialized MultithreadedTaskDispatcher with 12 workers.
[PhysX] Initialized MultithreadedTaskDispatcher with 12 workers.
 -> (artifact id: '75fc324ccc039b664222b4ca8cadc10f') in 0.066663 seconds
Number of updated asset objects reloaded before import = 0
Number of asset objects unloaded after import = 10
========================================================================
Received Import Request.
  Time since last request: 0.000056 seconds.
  path: Assets/PolygonKnights/Prefabs/Props/SM_Prop_CampFire_01.prefab
  artifactKey: Guid(bddb857dccb8156419a78be08cb4b651) Importer(815301076,1909f56bfc062723c751e8b465ee728b)
Start importing Assets/PolygonKnights/Prefabs/Props/SM_Prop_CampFire_01.prefab using Guid(bddb857dccb8156419a78be08cb4b651) Importer(815301076,1909f56bfc062723c751e8b465ee728b) [PhysX] Initialized MultithreadedTaskDispatcher with 12 workers.
[PhysX] Initialized MultithreadedTaskDispatcher with 12 workers.
 -> (artifact id: '088b4fdf8669d72e044de627d1a92147') in 0.071267 seconds
Number of updated asset objects reloaded before import = 0
Number of asset objects unloaded after import = 10
========================================================================
Received Import Request.
  Time since last request: 0.000053 seconds.
  path: Assets/PolygonKnights/Prefabs/Environments/Snow/SM_Env_Canal_Bridge_01_Snow.prefab
  artifactKey: Guid(c68eb570100218d42b229d729668a091) Importer(815301076,1909f56bfc062723c751e8b465ee728b)
Start importing Assets/PolygonKnights/Prefabs/Environments/Snow/SM_Env_Canal_Bridge_01_Snow.prefab using Guid(c68eb570100218d42b229d729668a091) Importer(815301076,1909f56bfc062723c751e8b465ee728b) [PhysX] Initialized MultithreadedTaskDispatcher with 12 workers.
[PhysX] Initialized MultithreadedTaskDispatcher with 12 workers.
 -> (artifact id: '2dc160d9b8348b7510ca564c601f6586') in 0.068124 seconds
Number of updated asset objects reloaded before import = 0
Number of asset objects unloaded after import = 14
========================================================================
Received Import Request.
  Time since last request: 0.000087 seconds.
  path: Assets/PolygonKnights/Prefabs/Props/SM_Prop_ShopSign_01.prefab
  artifactKey: Guid(0aef469a23081de4fbba8b172278ce47) Importer(815301076,1909f56bfc062723c751e8b465ee728b)
Start importing Assets/PolygonKnights/Prefabs/Props/SM_Prop_ShopSign_01.prefab using Guid(0aef469a23081de4fbba8b172278ce47) Importer(815301076,1909f56bfc062723c751e8b465ee728b) [PhysX] Initialized MultithreadedTaskDispatcher with 12 workers.
[PhysX] Initialized MultithreadedTaskDispatcher with 12 workers.
 -> (artifact id: '56454687084b594b336d0614fc9323dd') in 0.066935 seconds
Number of updated asset objects reloaded before import = 0
Number of asset objects unloaded after import = 10
========================================================================
Received Import Request.
  Time since last request: 0.000043 seconds.
  path: Assets/PolygonKnights/Prefabs/Environments/Snow/SM_Env_Path_Tile_Corner_01_Snow.prefab
  artifactKey: Guid(d3b7b8d9d2313bb4baf98c17d41b466a) Importer(815301076,1909f56bfc062723c751e8b465ee728b)
Start importing Assets/PolygonKnights/Prefabs/Environments/Snow/SM_Env_Path_Tile_Corner_01_Snow.prefab using Guid(d3b7b8d9d2313bb4baf98c17d41b466a) Importer(815301076,1909f56bfc062723c751e8b465ee728b) [PhysX] Initialized MultithreadedTaskDispatcher with 12 workers.
[PhysX] Initialized MultithreadedTaskDispatcher with 12 workers.
 -> (artifact id: 'c3cf3a10465ded38b6796916fedab26e') in 0.072608 seconds
Number of updated asset objects reloaded before import = 0
Number of asset objects unloaded after import = 9
========================================================================
Received Import Request.
  Time since last request: 0.000035 seconds.
  path: Assets/PolygonKnights/Prefabs/Props/SM_Prop_Rowboat_01.prefab
  artifactKey: Guid(4b52ac9f710a9a24bb72344a8ed0986e) Importer(815301076,1909f56bfc062723c751e8b465ee728b)
Start importing Assets/PolygonKnights/Prefabs/Props/SM_Prop_Rowboat_01.prefab using Guid(4b52ac9f710a9a24bb72344a8ed0986e) Importer(815301076,1909f56bfc062723c751e8b465ee728b) [PhysX] Initialized MultithreadedTaskDispatcher with 12 workers.
[PhysX] Initialized MultithreadedTaskDispatcher with 12 workers.
 -> (artifact id: '40ee09393a568e464c34446412463c9a') in 0.053968 seconds
Number of updated asset objects reloaded before import = 0
Number of asset objects unloaded after import = 10
========================================================================
Received Import Request.
  Time since last request: 0.000025 seconds.
  path: Assets/PolygonKnights/Prefabs/Props/SM_Prop_CartWheel_01.prefab
  artifactKey: Guid(a46d562cc4980004b95e73322fc948be) Importer(815301076,1909f56bfc062723c751e8b465ee728b)
Start importing Assets/PolygonKnights/Prefabs/Props/SM_Prop_CartWheel_01.prefab using Guid(a46d562cc4980004b95e73322fc948be) Importer(815301076,1909f56bfc062723c751e8b465ee728b) [PhysX] Initialized MultithreadedTaskDispatcher with 12 workers.
[PhysX] Initialized MultithreadedTaskDispatcher with 12 workers.
 -> (artifact id: '050831352b2677253cd3477aa192c069') in 0.060680 seconds
Number of updated asset objects reloaded before import = 0
Number of asset objects unloaded after import = 10
========================================================================
Received Import Request.
  Time since last request: 0.000068 seconds.
  path: Assets/PolygonKnights/Prefabs/Weapons/SM_Wep_Shield_03.prefab
  artifactKey: Guid(72e068cb4d9875a4d912ca446ea74cd8) Importer(815301076,1909f56bfc062723c751e8b465ee728b)
Start importing Assets/PolygonKnights/Prefabs/Weapons/SM_Wep_Shield_03.prefab using Guid(72e068cb4d9875a4d912ca446ea74cd8) Importer(815301076,1909f56bfc062723c751e8b465ee728b) [PhysX] Initialized MultithreadedTaskDispatcher with 12 workers.
[PhysX] Initialized MultithreadedTaskDispatcher with 12 workers.
 -> (artifact id: 'f481bbb30fd21c2c5793a09187629491') in 0.061549 seconds
Number of updated asset objects reloaded before import = 0
Number of asset objects unloaded after import = 9
